<?xml version="1.0" encoding="UTF-8"?>
<testsuite name="com.android.volley.toolbox.ByteArrayPoolTest" tests="3" skipped="0" failures="0" errors="0" timestamp="2015-09-29T23:30:41" hostname="Timmys-MacBook-Pro.local" time="0.001">
  <properties/>
  <testcase name="reusesBuffer" classname="com.android.volley.toolbox.ByteArrayPoolTest" time="0.001"/>
  <testcase name="obeysSizeLimit" classname="com.android.volley.toolbox.ByteArrayPoolTest" time="0.0"/>
  <testcase name="returnsBufferWithRightSize" classname="com.android.volley.toolbox.ByteArrayPoolTest" time="0.0"/>
  <system-out><![CDATA[]]></system-out>
  <system-err><![CDATA[]]></system-err>
</testsuite>
