<?xml version="1.0" encoding="UTF-8"?>
<testsuite name="com.android.volley.CacheDispatcherTest" tests="5" skipped="0" failures="0" errors="0" timestamp="2015-09-29T23:30:37" hostname="Timmys-MacBook-Pro.local" time="3.653">
  <properties/>
  <testcase name="cancelledRequest" classname="com.android.volley.CacheDispatcherTest" time="3.617"/>
  <testcase name="cacheMiss" classname="com.android.volley.CacheDispatcherTest" time="0.005"/>
  <testcase name="nonExpiredCacheHit" classname="com.android.volley.CacheDispatcherTest" time="0.017"/>
  <testcase name="softExpiredCacheHit" classname="com.android.volley.CacheDispatcherTest" time="0.006"/>
  <testcase name="expiredCacheHit" classname="com.android.volley.CacheDispatcherTest" time="0.005"/>
  <system-out><![CDATA[WARNING: No manifest file found at ./AndroidManifest.xml.Falling back to the Android OS resources only.
To remove this warning, annotate your test class with @Config(manifest=Config.NONE).
WARNING: No manifest file found at ./AndroidManifest.xml.Falling back to the Android OS resources only.
To remove this warning, annotate your test class with @Config(manifest=Config.NONE).
WARNING: No manifest file found at ./AndroidManifest.xml.Falling back to the Android OS resources only.
To remove this warning, annotate your test class with @Config(manifest=Config.NONE).
WARNING: No manifest file found at ./AndroidManifest.xml.Falling back to the Android OS resources only.
To remove this warning, annotate your test class with @Config(manifest=Config.NONE).
WARNING: No manifest file found at ./AndroidManifest.xml.Falling back to the Android OS resources only.
To remove this warning, annotate your test class with @Config(manifest=Config.NONE).
]]></system-out>
  <system-err><![CDATA[]]></system-err>
</testsuite>
