<?xml version="1.0" encoding="UTF-8"?>
<testsuite name="com.android.volley.RequestQueueIntegrationTest" tests="5" skipped="0" failures="0" errors="0" timestamp="2015-09-29T23:30:40" hostname="Timmys-MacBook-Pro.local" time="0.315">
  <properties/>
  <testcase name="add_requestProcessedInCorrectOrder" classname="com.android.volley.RequestQueueIntegrationTest" time="0.221"/>
  <testcase name="add_dedupeByCacheKey" classname="com.android.volley.RequestQueueIntegrationTest" time="0.042"/>
  <testcase name="add_requestFinishedListenerCanceled" classname="com.android.volley.RequestQueueIntegrationTest" time="0.02"/>
  <testcase name="add_requestFinishedListenerSuccess" classname="com.android.volley.RequestQueueIntegrationTest" time="0.016"/>
  <testcase name="add_requestFinishedListenerError" classname="com.android.volley.RequestQueueIntegrationTest" time="0.016"/>
  <system-out><![CDATA[WARNING: No manifest file found at ./AndroidManifest.xml.Falling back to the Android OS resources only.
To remove this warning, annotate your test class with @Config(manifest=Config.NONE).
WARNING: No manifest file found at ./AndroidManifest.xml.Falling back to the Android OS resources only.
To remove this warning, annotate your test class with @Config(manifest=Config.NONE).
WARNING: No manifest file found at ./AndroidManifest.xml.Falling back to the Android OS resources only.
To remove this warning, annotate your test class with @Config(manifest=Config.NONE).
WARNING: No manifest file found at ./AndroidManifest.xml.Falling back to the Android OS resources only.
To remove this warning, annotate your test class with @Config(manifest=Config.NONE).
WARNING: No manifest file found at ./AndroidManifest.xml.Falling back to the Android OS resources only.
To remove this warning, annotate your test class with @Config(manifest=Config.NONE).
]]></system-out>
  <system-err><![CDATA[]]></system-err>
</testsuite>
