<?xml version="1.0" encoding="UTF-8"?>
<testsuite name="com.android.volley.toolbox.ImageLoaderTest" tests="4" skipped="0" failures="0" errors="0" timestamp="2015-09-29T23:30:41" hostname="Timmys-MacBook-Pro.local" time="0.08">
  <properties/>
  <testcase name="publicMethods" classname="com.android.volley.toolbox.ImageLoaderTest" time="0.043"/>
  <testcase name="getWithCacheMiss" classname="com.android.volley.toolbox.ImageLoaderTest" time="0.013"/>
  <testcase name="isCachedChecksCache" classname="com.android.volley.toolbox.ImageLoaderTest" time="0.004"/>
  <testcase name="getWithCacheHit" classname="com.android.volley.toolbox.ImageLoaderTest" time="0.02"/>
  <system-out><![CDATA[WARNING: No manifest file found at ./AndroidManifest.xml.Falling back to the Android OS resources only.
To remove this warning, annotate your test class with @Config(manifest=Config.NONE).
WARNING: No manifest file found at ./AndroidManifest.xml.Falling back to the Android OS resources only.
To remove this warning, annotate your test class with @Config(manifest=Config.NONE).
WARNING: No manifest file found at ./AndroidManifest.xml.Falling back to the Android OS resources only.
To remove this warning, annotate your test class with @Config(manifest=Config.NONE).
WARNING: No manifest file found at ./AndroidManifest.xml.Falling back to the Android OS resources only.
To remove this warning, annotate your test class with @Config(manifest=Config.NONE).
]]></system-out>
  <system-err><![CDATA[]]></system-err>
</testsuite>
