<?xml version="1.0" encoding="UTF-8"?>
<testsuite name="com.android.volley.toolbox.RequestQueueTest" tests="1" skipped="0" failures="0" errors="0" timestamp="2015-09-29T23:30:41" hostname="Timmys-MacBook-Pro.local" time="0.004">
  <properties/>
  <testcase name="publicMethods" classname="com.android.volley.toolbox.RequestQueueTest" time="0.004"/>
  <system-out><![CDATA[WARNING: No manifest file found at ./AndroidManifest.xml.Falling back to the Android OS resources only.
To remove this warning, annotate your test class with @Config(manifest=Config.NONE).
]]></system-out>
  <system-err><![CDATA[]]></system-err>
</testsuite>
