<?xml version="1.0" encoding="UTF-8"?>
<testsuite name="com.android.volley.toolbox.JsonRequestCharsetTest" tests="4" skipped="0" failures="0" errors="0" timestamp="2015-09-29T23:30:35" hostname="Timmys-MacBook-Pro.local" time="0.023">
  <properties/>
  <testcase name="defaultCharsetJsonObject" classname="com.android.volley.toolbox.JsonRequestCharsetTest" time="0.012"/>
  <testcase name="defaultCharsetJsonArray" classname="com.android.volley.toolbox.JsonRequestCharsetTest" time="0.004"/>
  <testcase name="specifiedCharsetJsonObject" classname="com.android.volley.toolbox.JsonRequestCharsetTest" time="0.003"/>
  <testcase name="specifiedCharsetJsonArray" classname="com.android.volley.toolbox.JsonRequestCharsetTest" time="0.004"/>
  <system-out><![CDATA[WARNING: No manifest file found at ./AndroidManifest.xml.Falling back to the Android OS resources only.
To remove this warning, annotate your test class with @Config(manifest=Config.NONE).
WARNING: No manifest file found at ./AndroidManifest.xml.Falling back to the Android OS resources only.
To remove this warning, annotate your test class with @Config(manifest=Config.NONE).
WARNING: No manifest file found at ./AndroidManifest.xml.Falling back to the Android OS resources only.
To remove this warning, annotate your test class with @Config(manifest=Config.NONE).
WARNING: No manifest file found at ./AndroidManifest.xml.Falling back to the Android OS resources only.
To remove this warning, annotate your test class with @Config(manifest=Config.NONE).
]]></system-out>
  <system-err><![CDATA[]]></system-err>
</testsuite>
