<?xml version="1.0" encoding="UTF-8"?>
<testsuite name="com.android.volley.toolbox.PoolingByteArrayOutputStreamTest" tests="4" skipped="0" failures="0" errors="0" timestamp="2015-09-29T23:30:35" hostname="Timmys-MacBook-Pro.local" time="0.012">
  <properties/>
  <testcase name="pooledOneBuffer" classname="com.android.volley.toolbox.PoolingByteArrayOutputStreamTest" time="0.002"/>
  <testcase name="pooledIndividualWrites" classname="com.android.volley.toolbox.PoolingByteArrayOutputStreamTest" time="0.007"/>
  <testcase name="unpooled" classname="com.android.volley.toolbox.PoolingByteArrayOutputStreamTest" time="0.0"/>
  <testcase name="unpooledIndividualWrites" classname="com.android.volley.toolbox.PoolingByteArrayOutputStreamTest" time="0.002"/>
  <system-out><![CDATA[]]></system-out>
  <system-err><![CDATA[]]></system-err>
</testsuite>
