<?xml version="1.0" encoding="UTF-8"?>
<testsuite name="com.android.volley.NetworkDispatcherTest" tests="4" skipped="0" failures="0" errors="0" timestamp="2015-09-29T23:30:34" hostname="Timmys-MacBook-Pro.local" time="0.031">
  <properties/>
  <testcase name="successPostsResponse" classname="com.android.volley.NetworkDispatcherTest" time="0.015"/>
  <testcase name="exceptionPostsError" classname="com.android.volley.NetworkDispatcherTest" time="0.004"/>
  <testcase name="shouldCacheFalse" classname="com.android.volley.NetworkDispatcherTest" time="0.006"/>
  <testcase name="shouldCacheTrue" classname="com.android.volley.NetworkDispatcherTest" time="0.005"/>
  <system-out><![CDATA[WARNING: No manifest file found at ./AndroidManifest.xml.Falling back to the Android OS resources only.
To remove this warning, annotate your test class with @Config(manifest=Config.NONE).
WARNING: No manifest file found at ./AndroidManifest.xml.Falling back to the Android OS resources only.
To remove this warning, annotate your test class with @Config(manifest=Config.NONE).
WARNING: No manifest file found at ./AndroidManifest.xml.Falling back to the Android OS resources only.
To remove this warning, annotate your test class with @Config(manifest=Config.NONE).
WARNING: No manifest file found at ./AndroidManifest.xml.Falling back to the Android OS resources only.
To remove this warning, annotate your test class with @Config(manifest=Config.NONE).
]]></system-out>
  <system-err><![CDATA[]]></system-err>
</testsuite>
