<?xml version="1.0" encoding="UTF-8"?>
<testsuite name="com.android.volley.RequestTest" tests="2" skipped="0" failures="0" errors="0" timestamp="2015-09-29T23:30:34" hostname="Timmys-MacBook-Pro.local" time="0.013">
  <properties/>
  <testcase name="compareTo" classname="com.android.volley.RequestTest" time="0.007"/>
  <testcase name="urlParsing" classname="com.android.volley.RequestTest" time="0.005"/>
  <system-out><![CDATA[WARNING: No manifest file found at ./AndroidManifest.xml.Falling back to the Android OS resources only.
To remove this warning, annotate your test class with @Config(manifest=Config.NONE).
WARNING: No manifest file found at ./AndroidManifest.xml.Falling back to the Android OS resources only.
To remove this warning, annotate your test class with @Config(manifest=Config.NONE).
]]></system-out>
  <system-err><![CDATA[]]></system-err>
</testsuite>
