<?xml version="1.0" encoding="UTF-8"?>
<testsuite name="com.android.volley.CacheDispatcherTest" tests="5" skipped="0" failures="0" errors="0" timestamp="2015-09-29T23:29:56" hostname="Timmys-MacBook-Pro.local" time="38.369">
  <properties/>
  <testcase name="cancelledRequest" classname="com.android.volley.CacheDispatcherTest" time="38.344"/>
  <testcase name="cacheMiss" classname="com.android.volley.CacheDispatcherTest" time="0.005"/>
  <testcase name="nonExpiredCacheHit" classname="com.android.volley.CacheDispatcherTest" time="0.007"/>
  <testcase name="softExpiredCacheHit" classname="com.android.volley.CacheDispatcherTest" time="0.006"/>
  <testcase name="expiredCacheHit" classname="com.android.volley.CacheDispatcherTest" time="0.005"/>
  <system-out><![CDATA[WARNING: No manifest file found at ./AndroidManifest.xml.Falling back to the Android OS resources only.
To remove this warning, annotate your test class with @Config(manifest=Config.NONE).
[INFO] Unable to find resource 'com.ximpleware:vtd-xml:pom:2.11' in repository sonatype (https://oss.sonatype.org/content/groups/public/)
[INFO] Unable to find resource 'org.sonatype.oss:oss-parent:pom:4' in repository sonatype (https://oss.sonatype.org/content/groups/public/)
[INFO] Unable to find resource 'org.json:json:pom:20080701' in repository sonatype (https://oss.sonatype.org/content/groups/public/)
[INFO] Unable to find resource 'com.ximpleware:vtd-xml:jar:2.11' in repository sonatype (https://oss.sonatype.org/content/groups/public/)
[INFO] Unable to find resource 'org.json:json:jar:20080701' in repository sonatype (https://oss.sonatype.org/content/groups/public/)
[WARNING] Component manager not found for returned component. Ignored. component=org.apache.maven.wagon.providers.http.LightweightHttpsWagon@2a7655aa
WARNING: No manifest file found at ./AndroidManifest.xml.Falling back to the Android OS resources only.
To remove this warning, annotate your test class with @Config(manifest=Config.NONE).
WARNING: No manifest file found at ./AndroidManifest.xml.Falling back to the Android OS resources only.
To remove this warning, annotate your test class with @Config(manifest=Config.NONE).
WARNING: No manifest file found at ./AndroidManifest.xml.Falling back to the Android OS resources only.
To remove this warning, annotate your test class with @Config(manifest=Config.NONE).
WARNING: No manifest file found at ./AndroidManifest.xml.Falling back to the Android OS resources only.
To remove this warning, annotate your test class with @Config(manifest=Config.NONE).
]]></system-out>
  <system-err><![CDATA[Downloading: org/robolectric/android-all/4.1.2_r1-robolectric-0/android-all-4.1.2_r1-robolectric-0.pom from repository sonatype at https://oss.sonatype.org/content/groups/public/
Transferring 1K from sonatype
Downloading: org/robolectric/shadows-core/3.0/shadows-core-3.0.pom from repository sonatype at https://oss.sonatype.org/content/groups/public/
Transferring 14K from sonatype
Downloading: org/robolectric/robolectric-shadows/3.0/robolectric-shadows-3.0.pom from repository sonatype at https://oss.sonatype.org/content/groups/public/
Transferring 1K from sonatype
Downloading: org/robolectric/robolectric-parent/3.0/robolectric-parent-3.0.pom from repository sonatype at https://oss.sonatype.org/content/groups/public/
Transferring 12K from sonatype
Downloading: org/robolectric/robolectric-annotations/3.0/robolectric-annotations-3.0.pom from repository sonatype at https://oss.sonatype.org/content/groups/public/
Transferring 1K from sonatype
Downloading: org/robolectric/robolectric-utils/3.0/robolectric-utils-3.0.pom from repository sonatype at https://oss.sonatype.org/content/groups/public/
Transferring 2K from sonatype
Downloading: com/google/android/apps/common/testing/accessibility/framework/accessibility-test-framework/1.0/accessibility-test-framework-1.0.pom from repository sonatype at https://oss.sonatype.org/content/groups/public/
Transferring 3K from sonatype
Downloading: org/robolectric/robolectric-resources/3.0/robolectric-resources-3.0.pom from repository sonatype at https://oss.sonatype.org/content/groups/public/
Transferring 2K from sonatype
Downloading: com/ximpleware/vtd-xml/2.11/vtd-xml-2.11.pom from repository sonatype at https://oss.sonatype.org/content/groups/public/
Unable to locate resource in repository
Downloading: com/ximpleware/vtd-xml/2.11/vtd-xml-2.11.pom from repository central at http://repo1.maven.org/maven2
Transferring 1K from central
Downloading: com/ibm/icu/icu4j/53.1/icu4j-53.1.pom from repository sonatype at https://oss.sonatype.org/content/groups/public/
Transferring 5K from sonatype
Downloading: com/almworks/sqlite4java/sqlite4java/0.282/sqlite4java-0.282.pom from repository sonatype at https://oss.sonatype.org/content/groups/public/
Transferring 3K from sonatype
Downloading: org/sonatype/oss/oss-parent/4/oss-parent-4.pom from repository sonatype at https://oss.sonatype.org/content/groups/public/
Unable to locate resource in repository
Downloading: org/sonatype/oss/oss-parent/4/oss-parent-4.pom from repository central at http://repo1.maven.org/maven2
Transferring 4K from central
Downloading: org/json/json/20080701/json-20080701.pom from repository sonatype at https://oss.sonatype.org/content/groups/public/
Unable to locate resource in repository
Downloading: org/json/json/20080701/json-20080701.pom from repository central at http://repo1.maven.org/maven2
Transferring 2K from central
Downloading: org/ccil/cowan/tagsoup/tagsoup/1.2/tagsoup-1.2.pom from repository sonatype at https://oss.sonatype.org/content/groups/public/
Transferring 1K from sonatype
Downloading: org/ccil/cowan/tagsoup/tagsoup/1.2/tagsoup-1.2.jar from repository sonatype at https://oss.sonatype.org/content/groups/public/
Downloading: com/google/android/apps/common/testing/accessibility/framework/accessibility-test-framework/1.0/accessibility-test-framework-1.0.jar from repository sonatype at https://oss.sonatype.org/content/groups/public/
Downloading: com/ibm/icu/icu4j/53.1/icu4j-53.1.jar from repository sonatype at https://oss.sonatype.org/content/groups/public/
Downloading: com/almworks/sqlite4java/sqlite4java/0.282/sqlite4java-0.282.jar from repository sonatype at https://oss.sonatype.org/content/groups/public/
Downloading: org/robolectric/android-all/4.1.2_r1-robolectric-0/android-all-4.1.2_r1-robolectric-0.jar from repository sonatype at https://oss.sonatype.org/content/groups/public/
Transferring 88K from sonatype
Transferring 56K from sonatype
Downloading: com/ximpleware/vtd-xml/2.11/vtd-xml-2.11.jar from repository sonatype at https://oss.sonatype.org/content/groups/public/
Downloading: org/json/json/20080701/json-20080701.jar from repository sonatype at https://oss.sonatype.org/content/groups/public/
Unable to locate resource in repository
Downloading: com/ximpleware/vtd-xml/2.11/vtd-xml-2.11.jar from repository central at http://repo1.maven.org/maven2
Unable to locate resource in repository
Downloading: org/json/json/20080701/json-20080701.jar from repository central at http://repo1.maven.org/maven2
Transferring 9482K from sonatype
Transferring 30702K from sonatype
Transferring 126K from sonatype
Transferring 37K from central
Transferring 623K from central
Downloading: org/robolectric/shadows-core/3.0/shadows-core-3.0-16.jar from repository sonatype at https://oss.sonatype.org/content/groups/public/
Transferring 2587K from sonatype
Downloading: org/robolectric/robolectric-annotations/3.0/robolectric-annotations-3.0.jar from repository sonatype at https://oss.sonatype.org/content/groups/public/
Transferring 10K from sonatype
Downloading: org/robolectric/robolectric-utils/3.0/robolectric-utils-3.0.jar from repository sonatype at https://oss.sonatype.org/content/groups/public/
Transferring 40K from sonatype
Downloading: org/robolectric/robolectric-resources/3.0/robolectric-resources-3.0.jar from repository sonatype at https://oss.sonatype.org/content/groups/public/
Transferring 146K from sonatype
]]></system-err>
</testsuite>
